\BOOKMARK [0][]{Cover.0}{Cover}{}% 1
\BOOKMARK [0][]{Titlepage.0}{Titlepage}{}% 2
\BOOKMARK [0][]{Abstract.0}{Abstract}{}% 3
\BOOKMARK [0][]{chapter.1}{1 Introduction}{}% 4
\BOOKMARK [1][]{section*.4}{1.1 Postcards: My Address}{chapter.1}% 5
\BOOKMARK [1][]{section*.5}{1.2 Motivation and Problem Statement}{chapter.1}% 6
\BOOKMARK [1][]{section*.6}{1.3 Results}{chapter.1}% 7
\BOOKMARK [2][]{section*.7}{1.3.1 Some References}{section*.6}% 8
\BOOKMARK [1][]{section*.8}{1.4 Thesis Structure}{chapter.1}% 9
\BOOKMARK [0][]{chapter.2}{2 Natural Language Processing}{}% 10
\BOOKMARK [1][]{section*.10}{2.1 Grundlagen}{chapter.2}% 11
\BOOKMARK [1][]{section*.14}{2.2 Syntaktisches Parsen}{chapter.2}% 12
\BOOKMARK [2][]{section*.15}{2.2.1 Dynamische Programmierung}{section*.14}% 13
\BOOKMARK [1][]{section*.16}{2.3 Statistisches Parsen}{chapter.2}% 14
\BOOKMARK [2][]{section*.17}{2.3.1 Probabilistische Kontextfreie Grammatiken}{section*.16}% 15
\BOOKMARK [2][]{section*.18}{2.3.2 Probabilistische Lexikalisierte Kontextfreie Grammatiken}{section*.16}% 16
\BOOKMARK [0][]{chapter.3}{3 Konpzept}{}% 17
\BOOKMARK [0][]{chapter.4}{4 Implementierung}{}% 18
\BOOKMARK [1][]{section*.22}{4.1 Zielsetzung}{chapter.4}% 19
\BOOKMARK [0][]{Declaration.0}{Declaration}{}% 20
